<?xml version="1.0" encoding="UTF-8"?>
<!-- Generated by org.testng.reporters.JUnitXMLReporter -->
<testsuite hostname="DESKTOP-1906I2D" ignored="0" name="Default test" tests="3" failures="0" timestamp="2020-03-30T10:17:17 IST" time="84.321" errors="0">
  <testcase name="loginToWordpress" time="27.936" classname="cts.miniproject.test.DdExcelWordpressLogin"/>
  <testcase name="loginToWordpress" time="29.773" classname="cts.miniproject.test.DdExcelWordpressLogin"/>
  <testcase name="loginToWordpress" time="22.707" classname="cts.miniproject.test.DdExcelWordpressLogin"/>
</testsuite> <!-- Default test -->
