<?xml version="1.0" encoding="UTF-8"?>
<testng-results skipped="0" failed="0" ignored="0" total="3" passed="3">
  <reporter-output>
  </reporter-output>
  <suite name="Suite" duration-ms="61963" started-at="2020-03-30T10:17:29 IST" finished-at="2020-03-30T10:18:31 IST">
    <groups>
    </groups>
    <test name="Test" duration-ms="61963" started-at="2020-03-30T10:17:29 IST" finished-at="2020-03-30T10:18:31 IST">
      <class name="cts.miniproject.test.DdExcelWordpressLogin">
        <test-method status="PASS" signature="loginToWordpress(java.lang.String, java.lang.String)[pri:0, instance:cts.miniproject.test.DdExcelWordpressLogin@646d64ab]" name="loginToWordpress" duration-ms="15902" started-at="2020-03-30T10:17:29 IST" data-provider="wordpress" finished-at="2020-03-30T10:17:45 IST">
          <params>
            <param index="0">
              <value>
                <![CDATA[admin]]>
              </value>
            </param>
            <param index="1">
              <value>
                <![CDATA[demo123]]>
              </value>
            </param>
          </params>
          <reporter-output>
          </reporter-output>
        </test-method> <!-- loginToWordpress -->
        <test-method status="PASS" signature="tearDown()[pri:0, instance:cts.miniproject.test.DdExcelWordpressLogin@646d64ab]" name="tearDown" is-config="true" duration-ms="725" started-at="2020-03-30T10:17:45 IST" finished-at="2020-03-30T10:17:46 IST">
          <reporter-output>
          </reporter-output>
        </test-method> <!-- tearDown -->
        <test-method status="PASS" signature="loginToWordpress(java.lang.String, java.lang.String)[pri:0, instance:cts.miniproject.test.DdExcelWordpressLogin@646d64ab]" name="loginToWordpress" duration-ms="20297" started-at="2020-03-30T10:17:46 IST" data-provider="wordpress" finished-at="2020-03-30T10:18:06 IST">
          <params>
            <param index="0">
              <value>
                <![CDATA[admin]]>
              </value>
            </param>
            <param index="1">
              <value>
                <![CDATA[demo123]]>
              </value>
            </param>
          </params>
          <reporter-output>
          </reporter-output>
        </test-method> <!-- loginToWordpress -->
        <test-method status="PASS" signature="tearDown()[pri:0, instance:cts.miniproject.test.DdExcelWordpressLogin@646d64ab]" name="tearDown" is-config="true" duration-ms="999" started-at="2020-03-30T10:18:06 IST" finished-at="2020-03-30T10:18:07 IST">
          <reporter-output>
          </reporter-output>
        </test-method> <!-- tearDown -->
        <test-method status="PASS" signature="loginToWordpress(java.lang.String, java.lang.String)[pri:0, instance:cts.miniproject.test.DdExcelWordpressLogin@646d64ab]" name="loginToWordpress" duration-ms="22699" started-at="2020-03-30T10:18:07 IST" data-provider="wordpress" finished-at="2020-03-30T10:18:30 IST">
          <params>
            <param index="0">
              <value>
                <![CDATA[admin]]>
              </value>
            </param>
            <param index="1">
              <value>
                <![CDATA[demo123]]>
              </value>
            </param>
          </params>
          <reporter-output>
          </reporter-output>
        </test-method> <!-- loginToWordpress -->
        <test-method status="PASS" signature="tearDown()[pri:0, instance:cts.miniproject.test.DdExcelWordpressLogin@646d64ab]" name="tearDown" is-config="true" duration-ms="748" started-at="2020-03-30T10:18:30 IST" finished-at="2020-03-30T10:18:31 IST">
          <reporter-output>
          </reporter-output>
        </test-method> <!-- tearDown -->
      </class> <!-- cts.miniproject.test.DdExcelWordpressLogin -->
    </test> <!-- Test -->
  </suite> <!-- Suite -->
</testng-results>
